2024-02-09 19:37:29: Script started. Output directory: /Users/bornman/projects/FilmCrop/SetCrops.lrplugin/temp_export
2024-02-09 19:37:29: Script execution finished.
2024-02-09 19:37:29: Processing photo: CBR00007-3.ARW
2024-02-09 19:37:34: Python script executed successfully for photo: /Users/bornman/projects/FilmCrop/SetCrops.lrplugin/temp_export/CBR00007-3.jpg
2024-02-09 19:37:35: Applied crop to photo: CBR00007-3.ARW
2024-02-09 19:37:35: Processing photo: CBR00008-3.ARW
2024-02-09 19:37:43: Python script executed successfully for photo: /Users/bornman/projects/FilmCrop/SetCrops.lrplugin/temp_export/CBR00008-3.jpg
2024-02-09 19:37:43: Applied crop to photo: CBR00008-3.ARW
2024-02-09 19:37:43: Processing photo: CBR00010-3.ARW
2024-02-09 19:37:56: Python script executed successfully for photo: /Users/bornman/projects/FilmCrop/SetCrops.lrplugin/temp_export/CBR00010-3.jpg
2024-02-09 19:37:57: Applied crop to photo: CBR00010-3.ARW
2024-02-09 19:37:57: Processing photo: CBR00011-3.ARW
2024-02-09 19:38:05: Python script executed successfully for photo: /Users/bornman/projects/FilmCrop/SetCrops.lrplugin/temp_export/CBR00011-3.jpg
2024-02-09 19:38:05: Applied crop to photo: CBR00011-3.ARW
2024-02-09 19:38:05: Processing photo: CBR00012-3.ARW
2024-02-09 19:38:12: Python script executed successfully for photo: /Users/bornman/projects/FilmCrop/SetCrops.lrplugin/temp_export/CBR00012-3.jpg
2024-02-09 19:38:12: Applied crop to photo: CBR00012-3.ARW
2024-02-09 19:38:13: Processing photo: CBR00014-3.ARW
2024-02-09 19:38:24: Python script executed successfully for photo: /Users/bornman/projects/FilmCrop/SetCrops.lrplugin/temp_export/CBR00014-3.jpg
2024-02-09 19:38:25: Applied crop to photo: CBR00014-3.ARW
2024-02-09 19:38:25: Processing photo: CBR00015-3.ARW
2024-02-09 19:38:30: Python script executed successfully for photo: /Users/bornman/projects/FilmCrop/SetCrops.lrplugin/temp_export/CBR00015-3.jpg
2024-02-09 19:38:31: Applied crop to photo: CBR00015-3.ARW
2024-02-09 19:38:31: Processing photo: CBR00016-4.ARW
2024-02-09 19:38:39: Python script executed successfully for photo: /Users/bornman/projects/FilmCrop/SetCrops.lrplugin/temp_export/CBR00016-4.jpg
2024-02-09 19:38:40: Applied crop to photo: CBR00016-4.ARW
2024-02-09 19:38:40: Processing photo: CBR00017-4.ARW
2024-02-09 19:38:48: Python script executed successfully for photo: /Users/bornman/projects/FilmCrop/SetCrops.lrplugin/temp_export/CBR00017-4.jpg
2024-02-09 19:38:48: Applied crop to photo: CBR00017-4.ARW
2024-02-09 19:38:48: Processing photo: CBR00018-4.ARW
2024-02-09 19:38:55: Python script executed successfully for photo: /Users/bornman/projects/FilmCrop/SetCrops.lrplugin/temp_export/CBR00018-4.jpg
2024-02-09 19:38:55: Applied crop to photo: CBR00018-4.ARW
2024-02-09 19:38:55: Processing photo: CBR00019-4.ARW
2024-02-09 19:39:08: Python script executed successfully for photo: /Users/bornman/projects/FilmCrop/SetCrops.lrplugin/temp_export/CBR00019-4.jpg
2024-02-09 19:39:08: Applied crop to photo: CBR00019-4.ARW
2024-02-09 19:39:08: Processing photo: CBR00020-4.ARW
2024-02-09 19:39:19: Python script executed successfully for photo: /Users/bornman/projects/FilmCrop/SetCrops.lrplugin/temp_export/CBR00020-4.jpg
2024-02-09 19:39:19: Applied crop to photo: CBR00020-4.ARW
2024-02-09 19:43:50: Script started. Output directory: /Users/bornman/projects/FilmCrop/SetCrops.lrplugin/temp_export
2024-02-09 19:43:50: Script execution finished.
2024-02-09 19:43:50: Processing photo: CBR00007-3.ARW
2024-02-09 19:43:55: Python script executed successfully for photo: /Users/bornman/projects/FilmCrop/SetCrops.lrplugin/temp_export/CBR00007-3.jpg
2024-02-09 19:43:56: Applied crop to photo: CBR00007-3.ARW
2024-02-09 19:43:58: Deleted crop data file: /Users/bornman/projects/FilmCrop/SetCrops.lrplugin/temp_export/CBR00007-3.txt
2024-02-09 19:43:58: Processing photo: CBR00008-3.ARW
2024-02-09 19:44:05: Python script executed successfully for photo: /Users/bornman/projects/FilmCrop/SetCrops.lrplugin/temp_export/CBR00008-3.jpg
2024-02-09 19:44:05: Applied crop to photo: CBR00008-3.ARW
2024-02-09 19:44:05: Deleted crop data file: /Users/bornman/projects/FilmCrop/SetCrops.lrplugin/temp_export/CBR00008-3.txt
2024-02-09 19:44:06: Processing photo: CBR00010-3.ARW
2024-02-09 19:44:13: Python script executed successfully for photo: /Users/bornman/projects/FilmCrop/SetCrops.lrplugin/temp_export/CBR00010-3.jpg
2024-02-09 19:44:13: Applied crop to photo: CBR00010-3.ARW
2024-02-09 19:44:13: Deleted crop data file: /Users/bornman/projects/FilmCrop/SetCrops.lrplugin/temp_export/CBR00010-3.txt
2024-02-09 19:44:13: Processing photo: CBR00011-3.ARW
2024-02-09 19:44:20: Python script executed successfully for photo: /Users/bornman/projects/FilmCrop/SetCrops.lrplugin/temp_export/CBR00011-3.jpg
2024-02-09 19:44:20: Applied crop to photo: CBR00011-3.ARW
2024-02-09 19:44:21: Deleted crop data file: /Users/bornman/projects/FilmCrop/SetCrops.lrplugin/temp_export/CBR00011-3.txt
2024-02-09 19:44:21: Processing photo: CBR00012-3.ARW
2024-02-09 19:44:27: Python script executed successfully for photo: /Users/bornman/projects/FilmCrop/SetCrops.lrplugin/temp_export/CBR00012-3.jpg
2024-02-09 19:44:28: Applied crop to photo: CBR00012-3.ARW
2024-02-09 19:44:28: Deleted crop data file: /Users/bornman/projects/FilmCrop/SetCrops.lrplugin/temp_export/CBR00012-3.txt
2024-02-09 19:44:28: Processing photo: CBR00014-3.ARW
2024-02-09 19:44:38: Python script executed successfully for photo: /Users/bornman/projects/FilmCrop/SetCrops.lrplugin/temp_export/CBR00014-3.jpg
2024-02-09 19:44:38: Applied crop to photo: CBR00014-3.ARW
2024-02-09 19:44:39: Deleted crop data file: /Users/bornman/projects/FilmCrop/SetCrops.lrplugin/temp_export/CBR00014-3.txt
2024-02-09 19:44:39: Processing photo: CBR00015-3.ARW
2024-02-09 19:44:44: Python script executed successfully for photo: /Users/bornman/projects/FilmCrop/SetCrops.lrplugin/temp_export/CBR00015-3.jpg
2024-02-09 19:44:45: Applied crop to photo: CBR00015-3.ARW
2024-02-09 19:44:45: Deleted crop data file: /Users/bornman/projects/FilmCrop/SetCrops.lrplugin/temp_export/CBR00015-3.txt
2024-02-09 19:44:45: Processing photo: CBR00016-4.ARW
2024-02-09 19:44:54: Python script executed successfully for photo: /Users/bornman/projects/FilmCrop/SetCrops.lrplugin/temp_export/CBR00016-4.jpg
2024-02-09 19:44:54: Applied crop to photo: CBR00016-4.ARW
2024-02-09 19:44:54: Deleted crop data file: /Users/bornman/projects/FilmCrop/SetCrops.lrplugin/temp_export/CBR00016-4.txt
2024-02-09 19:44:54: Processing photo: CBR00017-4.ARW
2024-02-09 19:45:04: Python script executed successfully for photo: /Users/bornman/projects/FilmCrop/SetCrops.lrplugin/temp_export/CBR00017-4.jpg
2024-02-09 19:45:04: Applied crop to photo: CBR00017-4.ARW
2024-02-09 19:45:04: Deleted crop data file: /Users/bornman/projects/FilmCrop/SetCrops.lrplugin/temp_export/CBR00017-4.txt
2024-02-09 19:45:04: Processing photo: CBR00018-4.ARW
2024-02-09 19:45:12: Python script executed successfully for photo: /Users/bornman/projects/FilmCrop/SetCrops.lrplugin/temp_export/CBR00018-4.jpg
2024-02-09 19:45:12: Applied crop to photo: CBR00018-4.ARW
2024-02-09 19:45:12: Deleted crop data file: /Users/bornman/projects/FilmCrop/SetCrops.lrplugin/temp_export/CBR00018-4.txt
2024-02-09 19:45:12: Processing photo: CBR00019-4.ARW
2024-02-09 19:45:23: Python script executed successfully for photo: /Users/bornman/projects/FilmCrop/SetCrops.lrplugin/temp_export/CBR00019-4.jpg
2024-02-09 19:45:23: Applied crop to photo: CBR00019-4.ARW
2024-02-09 19:45:23: Deleted crop data file: /Users/bornman/projects/FilmCrop/SetCrops.lrplugin/temp_export/CBR00019-4.txt
2024-02-09 19:45:23: Processing photo: CBR00020-4.ARW
2024-02-09 19:45:34: Python script executed successfully for photo: /Users/bornman/projects/FilmCrop/SetCrops.lrplugin/temp_export/CBR00020-4.jpg
2024-02-09 19:45:34: Applied crop to photo: CBR00020-4.ARW
2024-02-09 19:45:34: Deleted crop data file: /Users/bornman/projects/FilmCrop/SetCrops.lrplugin/temp_export/CBR00020-4.txt
2024-02-09 19:46:58: Script started. Output directory: /Users/bornman/projects/FilmCrop/SetCrops.lrplugin/temp_export
2024-02-09 19:46:58: Script execution finished.
2024-02-09 19:47:05: Python script executed successfully for photo: /Users/bornman/projects/FilmCrop/SetCrops.lrplugin/temp_export/CBR00008-3.jpg
2024-02-09 19:47:05: Python script executed successfully for photo: /Users/bornman/projects/FilmCrop/SetCrops.lrplugin/temp_export/CBR00011-3.jpg
2024-02-09 19:47:06: Applied crop to photo: CBR00008-3.ARW
2024-02-09 19:47:07: Deleted crop data file: /Users/bornman/projects/FilmCrop/SetCrops.lrplugin/temp_export/CBR00008-3.txt
2024-02-09 19:47:07: Applied crop to photo: CBR00011-3.ARW
2024-02-09 19:47:08: Deleted crop data file: /Users/bornman/projects/FilmCrop/SetCrops.lrplugin/temp_export/CBR00011-3.txt
2024-02-09 19:47:12: Python script executed successfully for photo: /Users/bornman/projects/FilmCrop/SetCrops.lrplugin/temp_export/CBR00007-3.jpg
2024-02-09 19:47:12: Applied crop to photo: CBR00007-3.ARW
2024-02-09 19:47:12: Python script executed successfully for photo: /Users/bornman/projects/FilmCrop/SetCrops.lrplugin/temp_export/CBR00010-3.jpg
2024-02-09 19:47:12: Deleted crop data file: /Users/bornman/projects/FilmCrop/SetCrops.lrplugin/temp_export/CBR00007-3.txt
2024-02-09 19:47:12: Applied crop to photo: CBR00010-3.ARW
2024-02-09 19:47:13: Deleted crop data file: /Users/bornman/projects/FilmCrop/SetCrops.lrplugin/temp_export/CBR00010-3.txt
2024-02-09 19:47:20: Python script executed successfully for photo: /Users/bornman/projects/FilmCrop/SetCrops.lrplugin/temp_export/CBR00012-3.jpg
2024-02-09 19:47:20: Applied crop to photo: CBR00012-3.ARW
2024-02-09 19:47:21: Deleted crop data file: /Users/bornman/projects/FilmCrop/SetCrops.lrplugin/temp_export/CBR00012-3.txt
2024-02-09 19:47:28: Python script executed successfully for photo: /Users/bornman/projects/FilmCrop/SetCrops.lrplugin/temp_export/CBR00014-3.jpg
2024-02-09 19:47:28: Applied crop to photo: CBR00014-3.ARW
2024-02-09 19:47:28: Deleted crop data file: /Users/bornman/projects/FilmCrop/SetCrops.lrplugin/temp_export/CBR00014-3.txt
2024-02-09 19:47:30: Python script executed successfully for photo: /Users/bornman/projects/FilmCrop/SetCrops.lrplugin/temp_export/CBR00017-4.jpg
2024-02-09 19:47:32: Applied crop to photo: CBR00017-4.ARW
2024-02-09 19:47:32: Deleted crop data file: /Users/bornman/projects/FilmCrop/SetCrops.lrplugin/temp_export/CBR00017-4.txt
2024-02-09 19:47:41: Python script executed successfully for photo: /Users/bornman/projects/FilmCrop/SetCrops.lrplugin/temp_export/CBR00015-3.jpg
2024-02-09 19:47:41: Applied crop to photo: CBR00015-3.ARW
2024-02-09 19:47:42: Deleted crop data file: /Users/bornman/projects/FilmCrop/SetCrops.lrplugin/temp_export/CBR00015-3.txt
2024-02-09 19:47:44: Python script executed successfully for photo: /Users/bornman/projects/FilmCrop/SetCrops.lrplugin/temp_export/CBR00019-4.jpg
2024-02-09 19:47:46: Applied crop to photo: CBR00019-4.ARW
2024-02-09 19:47:47: Deleted crop data file: /Users/bornman/projects/FilmCrop/SetCrops.lrplugin/temp_export/CBR00019-4.txt
2024-02-09 19:47:54: Python script executed successfully for photo: /Users/bornman/projects/FilmCrop/SetCrops.lrplugin/temp_export/CBR00018-4.jpg
2024-02-09 19:47:54: Applied crop to photo: CBR00018-4.ARW
2024-02-09 19:47:54: Deleted crop data file: /Users/bornman/projects/FilmCrop/SetCrops.lrplugin/temp_export/CBR00018-4.txt
2024-02-09 19:47:59: Python script executed successfully for photo: /Users/bornman/projects/FilmCrop/SetCrops.lrplugin/temp_export/CBR00020-4.jpg
2024-02-09 19:47:59: Applied crop to photo: CBR00020-4.ARW
2024-02-09 19:48:00: Deleted crop data file: /Users/bornman/projects/FilmCrop/SetCrops.lrplugin/temp_export/CBR00020-4.txt
2024-02-09 19:48:02: Python script executed successfully for photo: /Users/bornman/projects/FilmCrop/SetCrops.lrplugin/temp_export/CBR00016-4.jpg
2024-02-09 19:48:02: Applied crop to photo: CBR00016-4.ARW
2024-02-09 19:48:02: Deleted crop data file: /Users/bornman/projects/FilmCrop/SetCrops.lrplugin/temp_export/CBR00016-4.txt
2024-02-09 19:49:41: Script started. Output directory: /Users/bornman/projects/FilmCrop/SetCrops.lrplugin/temp_export
2024-02-09 19:49:41: Script execution finished.
2024-02-09 19:49:47: Python script executed successfully for photo: /Users/bornman/projects/FilmCrop/SetCrops.lrplugin/temp_export/CBR00008-3.jpg
2024-02-09 19:49:47: Applied crop to photo: CBR00008-3.ARW
2024-02-09 19:49:47: Deleted crop data file: /Users/bornman/projects/FilmCrop/SetCrops.lrplugin/temp_export/CBR00008-3.txt
2024-02-09 19:49:49: Python script executed successfully for photo: /Users/bornman/projects/FilmCrop/SetCrops.lrplugin/temp_export/CBR00007-3.jpg
2024-02-09 19:49:49: Applied crop to photo: CBR00007-3.ARW
2024-02-09 19:49:49: Deleted crop data file: /Users/bornman/projects/FilmCrop/SetCrops.lrplugin/temp_export/CBR00007-3.txt
2024-02-09 19:49:51: Python script executed successfully for photo: /Users/bornman/projects/FilmCrop/SetCrops.lrplugin/temp_export/CBR00011-3.jpg
2024-02-09 19:49:51: Applied crop to photo: CBR00011-3.ARW
2024-02-09 19:49:51: Deleted crop data file: /Users/bornman/projects/FilmCrop/SetCrops.lrplugin/temp_export/CBR00011-3.txt
2024-02-09 19:49:52: Python script executed successfully for photo: /Users/bornman/projects/FilmCrop/SetCrops.lrplugin/temp_export/CBR00010-3.jpg
2024-02-09 19:49:52: Applied crop to photo: CBR00010-3.ARW
2024-02-09 19:49:52: Deleted crop data file: /Users/bornman/projects/FilmCrop/SetCrops.lrplugin/temp_export/CBR00010-3.txt
2024-02-09 19:49:53: Python script executed successfully for photo: /Users/bornman/projects/FilmCrop/SetCrops.lrplugin/temp_export/CBR00012-3.jpg
2024-02-09 19:49:53: Applied crop to photo: CBR00012-3.ARW
2024-02-09 19:49:53: Deleted crop data file: /Users/bornman/projects/FilmCrop/SetCrops.lrplugin/temp_export/CBR00012-3.txt
2024-02-09 19:49:54: Python script executed successfully for photo: /Users/bornman/projects/FilmCrop/SetCrops.lrplugin/temp_export/CBR00015-3.jpg
2024-02-09 19:49:54: Applied crop to photo: CBR00015-3.ARW
2024-02-09 19:49:54: Deleted crop data file: /Users/bornman/projects/FilmCrop/SetCrops.lrplugin/temp_export/CBR00015-3.txt
2024-02-09 19:49:57: Python script executed successfully for photo: /Users/bornman/projects/FilmCrop/SetCrops.lrplugin/temp_export/CBR00017-4.jpg
2024-02-09 19:49:57: Applied crop to photo: CBR00017-4.ARW
2024-02-09 19:49:57: Deleted crop data file: /Users/bornman/projects/FilmCrop/SetCrops.lrplugin/temp_export/CBR00017-4.txt
2024-02-09 19:49:57: Python script executed successfully for photo: /Users/bornman/projects/FilmCrop/SetCrops.lrplugin/temp_export/CBR00019-4.jpg
2024-02-09 19:49:57: Applied crop to photo: CBR00019-4.ARW
2024-02-09 19:49:57: Deleted crop data file: /Users/bornman/projects/FilmCrop/SetCrops.lrplugin/temp_export/CBR00019-4.txt
2024-02-09 19:50:00: Python script executed successfully for photo: /Users/bornman/projects/FilmCrop/SetCrops.lrplugin/temp_export/CBR00014-3.jpg
2024-02-09 19:50:00: Applied crop to photo: CBR00014-3.ARW
2024-02-09 19:50:00: Deleted crop data file: /Users/bornman/projects/FilmCrop/SetCrops.lrplugin/temp_export/CBR00014-3.txt
2024-02-09 19:50:01: Python script executed successfully for photo: /Users/bornman/projects/FilmCrop/SetCrops.lrplugin/temp_export/CBR00016-4.jpg
2024-02-09 19:50:01: Applied crop to photo: CBR00016-4.ARW
2024-02-09 19:50:01: Deleted crop data file: /Users/bornman/projects/FilmCrop/SetCrops.lrplugin/temp_export/CBR00016-4.txt
2024-02-09 19:50:02: Python script executed successfully for photo: /Users/bornman/projects/FilmCrop/SetCrops.lrplugin/temp_export/CBR00018-4.jpg
2024-02-09 19:50:02: Applied crop to photo: CBR00018-4.ARW
2024-02-09 19:50:02: Deleted crop data file: /Users/bornman/projects/FilmCrop/SetCrops.lrplugin/temp_export/CBR00018-4.txt
2024-02-09 19:50:03: Python script executed successfully for photo: /Users/bornman/projects/FilmCrop/SetCrops.lrplugin/temp_export/CBR00020-4.jpg
2024-02-09 19:50:03: Applied crop to photo: CBR00020-4.ARW
2024-02-09 19:50:03: Deleted crop data file: /Users/bornman/projects/FilmCrop/SetCrops.lrplugin/temp_export/CBR00020-4.txt
2024-02-09 19:50:48: Script started. Output directory: /Users/bornman/projects/FilmCrop/SetCrops.lrplugin/temp_export
2024-02-09 19:50:48: Script execution finished.
2024-02-09 19:50:57: Python script executed successfully for photo: /Users/bornman/projects/FilmCrop/SetCrops.lrplugin/temp_export/CBR00010-3.jpg
2024-02-09 19:50:57: Python script executed successfully for photo: /Users/bornman/projects/FilmCrop/SetCrops.lrplugin/temp_export/CBR00008-3.jpg
2024-02-09 19:50:57: Applied crop to photo: CBR00008-3.ARW
2024-02-09 19:50:58: Deleted crop data file: /Users/bornman/projects/FilmCrop/SetCrops.lrplugin/temp_export/CBR00008-3.txt
2024-02-09 19:50:59: Applied crop to photo: CBR00010-3.ARW
2024-02-09 19:50:59: Deleted crop data file: /Users/bornman/projects/FilmCrop/SetCrops.lrplugin/temp_export/CBR00010-3.txt
2024-02-09 19:51:03: Python script executed successfully for photo: /Users/bornman/projects/FilmCrop/SetCrops.lrplugin/temp_export/CBR00007-3.jpg
2024-02-09 19:51:03: Python script executed successfully for photo: /Users/bornman/projects/FilmCrop/SetCrops.lrplugin/temp_export/CBR00011-3.jpg
2024-02-09 19:51:04: Applied crop to photo: CBR00007-3.ARW
2024-02-09 19:51:04: Deleted crop data file: /Users/bornman/projects/FilmCrop/SetCrops.lrplugin/temp_export/CBR00007-3.txt
2024-02-09 19:51:04: Applied crop to photo: CBR00011-3.ARW
2024-02-09 19:51:05: Deleted crop data file: /Users/bornman/projects/FilmCrop/SetCrops.lrplugin/temp_export/CBR00011-3.txt
2024-02-09 19:51:08: Python script executed successfully for photo: /Users/bornman/projects/FilmCrop/SetCrops.lrplugin/temp_export/CBR00012-3.jpg
2024-02-09 19:51:09: Applied crop to photo: CBR00012-3.ARW
2024-02-09 19:51:09: Python script executed successfully for photo: /Users/bornman/projects/FilmCrop/SetCrops.lrplugin/temp_export/CBR00015-3.jpg
2024-02-09 19:51:10: Deleted crop data file: /Users/bornman/projects/FilmCrop/SetCrops.lrplugin/temp_export/CBR00012-3.txt
2024-02-09 19:51:10: Applied crop to photo: CBR00015-3.ARW
2024-02-09 19:51:11: Deleted crop data file: /Users/bornman/projects/FilmCrop/SetCrops.lrplugin/temp_export/CBR00015-3.txt
2024-02-09 19:51:15: Python script executed successfully for photo: /Users/bornman/projects/FilmCrop/SetCrops.lrplugin/temp_export/CBR00018-4.jpg
2024-02-09 19:51:15: Applied crop to photo: CBR00018-4.ARW
2024-02-09 19:51:16: Deleted crop data file: /Users/bornman/projects/FilmCrop/SetCrops.lrplugin/temp_export/CBR00018-4.txt
2024-02-09 19:51:18: Python script executed successfully for photo: /Users/bornman/projects/FilmCrop/SetCrops.lrplugin/temp_export/CBR00017-4.jpg
2024-02-09 19:51:18: Applied crop to photo: CBR00017-4.ARW
2024-02-09 19:51:19: Deleted crop data file: /Users/bornman/projects/FilmCrop/SetCrops.lrplugin/temp_export/CBR00017-4.txt
2024-02-09 19:51:25: Python script executed successfully for photo: /Users/bornman/projects/FilmCrop/SetCrops.lrplugin/temp_export/CBR00014-3.jpg
2024-02-09 19:51:25: Applied crop to photo: CBR00014-3.ARW
2024-02-09 19:51:25: Deleted crop data file: /Users/bornman/projects/FilmCrop/SetCrops.lrplugin/temp_export/CBR00014-3.txt
2024-02-09 19:51:31: Python script executed successfully for photo: /Users/bornman/projects/FilmCrop/SetCrops.lrplugin/temp_export/CBR00016-4.jpg
2024-02-09 19:51:32: Applied crop to photo: CBR00016-4.ARW
2024-02-09 19:51:32: Deleted crop data file: /Users/bornman/projects/FilmCrop/SetCrops.lrplugin/temp_export/CBR00016-4.txt
2024-02-09 19:51:34: Python script executed successfully for photo: /Users/bornman/projects/FilmCrop/SetCrops.lrplugin/temp_export/CBR00019-4.jpg
2024-02-09 19:51:34: Applied crop to photo: CBR00019-4.ARW
2024-02-09 19:51:35: Deleted crop data file: /Users/bornman/projects/FilmCrop/SetCrops.lrplugin/temp_export/CBR00019-4.txt
2024-02-09 19:51:40: Python script executed successfully for photo: /Users/bornman/projects/FilmCrop/SetCrops.lrplugin/temp_export/CBR00020-4.jpg
2024-02-09 19:51:41: Applied crop to photo: CBR00020-4.ARW
2024-02-09 19:51:41: Deleted crop data file: /Users/bornman/projects/FilmCrop/SetCrops.lrplugin/temp_export/CBR00020-4.txt
2024-02-09 19:54:01: Script started. Output directory: /Users/bornman/projects/FilmCrop/SetCrops.lrplugin/temp_export
2024-02-09 19:54:01: Script execution finished.
2024-02-09 19:54:08: Python script executed successfully for photo: /Users/bornman/projects/FilmCrop/SetCrops.lrplugin/temp_export/CBR00011-3.jpg
2024-02-09 19:54:08: Applied crop to photo: CBR00011-3.ARW
2024-02-09 19:54:09: Deleted crop data file: /Users/bornman/projects/FilmCrop/SetCrops.lrplugin/temp_export/CBR00011-3.txt
2024-02-09 19:54:12: Python script executed successfully for photo: /Users/bornman/projects/FilmCrop/SetCrops.lrplugin/temp_export/CBR00007-3.jpg
2024-02-09 19:54:12: Python script executed successfully for photo: /Users/bornman/projects/FilmCrop/SetCrops.lrplugin/temp_export/CBR00008-3.jpg
2024-02-09 19:54:13: Applied crop to photo: CBR00007-3.ARW
2024-02-09 19:54:14: Deleted crop data file: /Users/bornman/projects/FilmCrop/SetCrops.lrplugin/temp_export/CBR00007-3.txt
2024-02-09 19:54:14: Applied crop to photo: CBR00008-3.ARW
2024-02-09 19:54:17: Python script executed successfully for photo: /Users/bornman/projects/FilmCrop/SetCrops.lrplugin/temp_export/CBR00012-3.jpg
2024-02-09 19:54:17: Deleted crop data file: /Users/bornman/projects/FilmCrop/SetCrops.lrplugin/temp_export/CBR00008-3.txt
2024-02-09 19:54:18: Applied crop to photo: CBR00012-3.ARW
2024-02-09 19:54:18: Deleted crop data file: /Users/bornman/projects/FilmCrop/SetCrops.lrplugin/temp_export/CBR00012-3.txt
2024-02-09 19:54:37: Python script executed successfully for photo: /Users/bornman/projects/FilmCrop/SetCrops.lrplugin/temp_export/CBR00016-4.jpg
2024-02-09 19:54:38: Applied crop to photo: CBR00016-4.ARW
2024-02-09 19:54:38: Deleted crop data file: /Users/bornman/projects/FilmCrop/SetCrops.lrplugin/temp_export/CBR00016-4.txt
2024-02-09 19:54:39: Python script executed successfully for photo: /Users/bornman/projects/FilmCrop/SetCrops.lrplugin/temp_export/CBR00010-3.jpg
2024-02-09 19:54:40: Applied crop to photo: CBR00010-3.ARW
2024-02-09 19:54:40: Deleted crop data file: /Users/bornman/projects/FilmCrop/SetCrops.lrplugin/temp_export/CBR00010-3.txt
2024-02-09 19:54:47: Python script executed successfully for photo: /Users/bornman/projects/FilmCrop/SetCrops.lrplugin/temp_export/CBR00015-3.jpg
2024-02-09 19:54:48: Applied crop to photo: CBR00015-3.ARW
2024-02-09 19:54:48: Deleted crop data file: /Users/bornman/projects/FilmCrop/SetCrops.lrplugin/temp_export/CBR00015-3.txt
2024-02-09 19:54:59: Python script executed successfully for photo: /Users/bornman/projects/FilmCrop/SetCrops.lrplugin/temp_export/CBR00019-4.jpg
2024-02-09 19:54:59: Applied crop to photo: CBR00019-4.ARW
2024-02-09 19:55:00: Deleted crop data file: /Users/bornman/projects/FilmCrop/SetCrops.lrplugin/temp_export/CBR00019-4.txt
2024-02-09 19:55:07: Python script executed successfully for photo: /Users/bornman/projects/FilmCrop/SetCrops.lrplugin/temp_export/CBR00014-3.jpg
2024-02-09 19:55:07: Applied crop to photo: CBR00014-3.ARW
2024-02-09 19:55:08: Deleted crop data file: /Users/bornman/projects/FilmCrop/SetCrops.lrplugin/temp_export/CBR00014-3.txt
2024-02-09 19:55:19: Python script executed successfully for photo: /Users/bornman/projects/FilmCrop/SetCrops.lrplugin/temp_export/CBR00017-4.jpg
2024-02-09 19:55:19: Applied crop to photo: CBR00017-4.ARW
2024-02-09 19:55:20: Deleted crop data file: /Users/bornman/projects/FilmCrop/SetCrops.lrplugin/temp_export/CBR00017-4.txt
2024-02-09 19:55:29: Python script executed successfully for photo: /Users/bornman/projects/FilmCrop/SetCrops.lrplugin/temp_export/CBR00018-4.jpg
2024-02-09 19:55:29: Python script executed successfully for photo: /Users/bornman/projects/FilmCrop/SetCrops.lrplugin/temp_export/CBR00020-4.jpg
2024-02-09 19:55:29: Applied crop to photo: CBR00018-4.ARW
2024-02-09 19:55:29: Deleted crop data file: /Users/bornman/projects/FilmCrop/SetCrops.lrplugin/temp_export/CBR00018-4.txt
2024-02-09 19:55:30: Applied crop to photo: CBR00020-4.ARW
2024-02-09 19:55:30: Deleted crop data file: /Users/bornman/projects/FilmCrop/SetCrops.lrplugin/temp_export/CBR00020-4.txt
2024-02-10 16:37:27: Script started. Output directory: /Users/bornman/projects/FilmCrop/SetCrops.lrplugin/temp_export
2024-02-10 16:37:27: Script execution finished.
2024-02-10 16:37:40: Python script executed successfully for photo: /Users/bornman/projects/FilmCrop/SetCrops.lrplugin/temp_export/CBR00003-3.jpg
2024-02-10 16:37:40: Python script executed successfully for photo: /Users/bornman/projects/FilmCrop/SetCrops.lrplugin/temp_export/CBR00004-3.jpg
2024-02-10 16:37:41: Applied crop to photo: CBR00003-3.ARW
2024-02-10 16:37:42: Deleted crop data file: /Users/bornman/projects/FilmCrop/SetCrops.lrplugin/temp_export/CBR00003-3.txt
2024-02-10 16:37:43: Applied crop to photo: CBR00004-3.ARW
2024-02-10 16:37:43: Deleted crop data file: /Users/bornman/projects/FilmCrop/SetCrops.lrplugin/temp_export/CBR00004-3.txt
2024-02-10 16:37:44: Python script executed successfully for photo: /Users/bornman/projects/FilmCrop/SetCrops.lrplugin/temp_export/CBR00002-3.jpg
2024-02-10 16:37:44: Python script executed successfully for photo: /Users/bornman/projects/FilmCrop/SetCrops.lrplugin/temp_export/CBR00001-3.jpg
2024-02-10 16:37:45: Applied crop to photo: CBR00002-3.ARW
2024-02-10 16:37:46: Deleted crop data file: /Users/bornman/projects/FilmCrop/SetCrops.lrplugin/temp_export/CBR00002-3.txt
2024-02-10 16:37:46: Applied crop to photo: CBR00001-3.ARW
2024-02-10 16:37:47: Deleted crop data file: /Users/bornman/projects/FilmCrop/SetCrops.lrplugin/temp_export/CBR00001-3.txt
2024-02-10 16:37:48: Python script executed successfully for photo: /Users/bornman/projects/FilmCrop/SetCrops.lrplugin/temp_export/CBR00005-3.jpg
2024-02-10 16:37:48: Applied crop to photo: CBR00005-3.ARW
2024-02-10 16:37:48: Python script executed successfully for photo: /Users/bornman/projects/FilmCrop/SetCrops.lrplugin/temp_export/CBR00007-3.jpg
2024-02-10 16:37:49: Deleted crop data file: /Users/bornman/projects/FilmCrop/SetCrops.lrplugin/temp_export/CBR00005-3.txt
2024-02-10 16:37:49: Applied crop to photo: CBR00007-3.ARW
2024-02-10 16:37:49: Deleted crop data file: /Users/bornman/projects/FilmCrop/SetCrops.lrplugin/temp_export/CBR00007-3.txt
2024-02-10 16:37:56: Python script executed successfully for photo: /Users/bornman/projects/FilmCrop/SetCrops.lrplugin/temp_export/CBR00009-3.jpg
2024-02-10 16:37:56: Applied crop to photo: CBR00009-3.ARW
2024-02-10 16:37:57: Deleted crop data file: /Users/bornman/projects/FilmCrop/SetCrops.lrplugin/temp_export/CBR00009-3.txt
2024-02-10 16:38:00: Python script executed successfully for photo: /Users/bornman/projects/FilmCrop/SetCrops.lrplugin/temp_export/CBR00013-3.jpg
2024-02-10 16:38:01: Applied crop to photo: CBR00013-3.ARW
2024-02-10 16:38:01: Deleted crop data file: /Users/bornman/projects/FilmCrop/SetCrops.lrplugin/temp_export/CBR00013-3.txt
2024-02-10 16:38:10: Python script executed successfully for photo: /Users/bornman/projects/FilmCrop/SetCrops.lrplugin/temp_export/CBR00011-3.jpg
2024-02-10 16:38:10: Applied crop to photo: CBR00011-3.ARW
2024-02-10 16:38:11: Deleted crop data file: /Users/bornman/projects/FilmCrop/SetCrops.lrplugin/temp_export/CBR00011-3.txt
2024-02-10 16:38:13: Python script executed successfully for photo: /Users/bornman/projects/FilmCrop/SetCrops.lrplugin/temp_export/CBR00015-3.jpg
2024-02-10 16:38:13: Applied crop to photo: CBR00015-3.ARW
2024-02-10 16:38:14: Deleted crop data file: /Users/bornman/projects/FilmCrop/SetCrops.lrplugin/temp_export/CBR00015-3.txt
2024-02-10 16:38:18: Python script executed successfully for photo: /Users/bornman/projects/FilmCrop/SetCrops.lrplugin/temp_export/CBR00017-4.jpg
2024-02-10 16:38:19: Applied crop to photo: CBR00017-4.ARW
2024-02-10 16:38:19: Deleted crop data file: /Users/bornman/projects/FilmCrop/SetCrops.lrplugin/temp_export/CBR00017-4.txt
2024-02-10 16:38:22: Python script executed successfully for photo: /Users/bornman/projects/FilmCrop/SetCrops.lrplugin/temp_export/CBR00008-3.jpg
2024-02-10 16:38:23: Applied crop to photo: CBR00008-3.ARW
2024-02-10 16:38:23: Python script executed successfully for photo: /Users/bornman/projects/FilmCrop/SetCrops.lrplugin/temp_export/CBR00006-3.jpg
2024-02-10 16:38:23: Deleted crop data file: /Users/bornman/projects/FilmCrop/SetCrops.lrplugin/temp_export/CBR00008-3.txt
2024-02-10 16:38:23: Applied crop to photo: CBR00006-3.ARW
2024-02-10 16:38:23: Deleted crop data file: /Users/bornman/projects/FilmCrop/SetCrops.lrplugin/temp_export/CBR00006-3.txt
2024-02-10 16:38:28: Python script executed successfully for photo: /Users/bornman/projects/FilmCrop/SetCrops.lrplugin/temp_export/CBR00012-3.jpg
2024-02-10 16:38:28: Applied crop to photo: CBR00012-3.ARW
2024-02-10 16:38:28: Python script executed successfully for photo: /Users/bornman/projects/FilmCrop/SetCrops.lrplugin/temp_export/CBR00010-3.jpg
2024-02-10 16:38:29: Deleted crop data file: /Users/bornman/projects/FilmCrop/SetCrops.lrplugin/temp_export/CBR00012-3.txt
2024-02-10 16:38:29: Applied crop to photo: CBR00010-3.ARW
2024-02-10 16:38:29: Deleted crop data file: /Users/bornman/projects/FilmCrop/SetCrops.lrplugin/temp_export/CBR00010-3.txt
2024-02-10 16:38:31: Python script executed successfully for photo: /Users/bornman/projects/FilmCrop/SetCrops.lrplugin/temp_export/CBR00014-3.jpg
2024-02-10 16:38:31: Python script executed successfully for photo: /Users/bornman/projects/FilmCrop/SetCrops.lrplugin/temp_export/CBR00018-4.jpg
2024-02-10 16:38:32: Applied crop to photo: CBR00014-3.ARW
2024-02-10 16:38:32: Deleted crop data file: /Users/bornman/projects/FilmCrop/SetCrops.lrplugin/temp_export/CBR00014-3.txt
2024-02-10 16:38:32: Applied crop to photo: CBR00018-4.ARW
2024-02-10 16:38:33: Deleted crop data file: /Users/bornman/projects/FilmCrop/SetCrops.lrplugin/temp_export/CBR00018-4.txt
2024-02-10 16:38:33: Python script executed successfully for photo: /Users/bornman/projects/FilmCrop/SetCrops.lrplugin/temp_export/CBR00016-4.jpg
2024-02-10 16:38:34: Applied crop to photo: CBR00016-4.ARW
2024-02-10 16:38:34: Deleted crop data file: /Users/bornman/projects/FilmCrop/SetCrops.lrplugin/temp_export/CBR00016-4.txt
2024-02-10 16:41:22: Script started. Output directory: /Users/bornman/projects/FilmCrop/SetCrops.lrplugin/temp_export
2024-02-10 16:41:22: Script execution finished.
2024-02-10 16:41:28: Python script executed successfully for photo: /Users/bornman/projects/FilmCrop/SetCrops.lrplugin/temp_export/CBR00073-5.jpg
2024-02-10 16:41:29: Applied crop to photo: CBR00073-5.ARW
2024-02-10 16:41:31: Python script executed successfully for photo: /Users/bornman/projects/FilmCrop/SetCrops.lrplugin/temp_export/CBR00037-5.jpg
2024-02-10 16:41:31: Deleted crop data file: /Users/bornman/projects/FilmCrop/SetCrops.lrplugin/temp_export/CBR00073-5.txt
2024-02-10 16:41:31: Applied crop to photo: CBR00037-5.ARW
2024-02-10 16:41:32: Deleted crop data file: /Users/bornman/projects/FilmCrop/SetCrops.lrplugin/temp_export/CBR00037-5.txt
2024-02-10 16:41:34: Python script executed successfully for photo: /Users/bornman/projects/FilmCrop/SetCrops.lrplugin/temp_export/CBR00100-5.jpg
2024-02-10 16:41:34: Applied crop to photo: CBR00100-5.ARW
2024-02-10 16:41:34: Python script executed successfully for photo: /Users/bornman/projects/FilmCrop/SetCrops.lrplugin/temp_export/CBR00111-4.jpg
2024-02-10 16:41:34: Deleted crop data file: /Users/bornman/projects/FilmCrop/SetCrops.lrplugin/temp_export/CBR00100-5.txt
2024-02-10 16:41:34: Applied crop to photo: CBR00111-4.ARW
2024-02-10 16:41:35: Deleted crop data file: /Users/bornman/projects/FilmCrop/SetCrops.lrplugin/temp_export/CBR00111-4.txt
2024-02-10 16:41:44: Python script executed successfully for photo: /Users/bornman/projects/FilmCrop/SetCrops.lrplugin/temp_export/CBR00063-5.jpg
2024-02-10 16:41:45: Applied crop to photo: CBR00063-5.ARW
2024-02-10 16:41:45: Python script executed successfully for photo: /Users/bornman/projects/FilmCrop/SetCrops.lrplugin/temp_export/CBR00186.jpg
2024-02-10 16:41:45: Deleted crop data file: /Users/bornman/projects/FilmCrop/SetCrops.lrplugin/temp_export/CBR00063-5.txt
2024-02-10 16:41:45: Applied crop to photo: CBR00186.ARW
2024-02-10 16:41:47: Deleted crop data file: /Users/bornman/projects/FilmCrop/SetCrops.lrplugin/temp_export/CBR00186.txt
2024-02-10 16:41:53: Python script executed successfully for photo: /Users/bornman/projects/FilmCrop/SetCrops.lrplugin/temp_export/CBR00067-5.jpg
2024-02-10 16:41:54: Applied crop to photo: CBR00067-5.ARW
2024-02-10 16:41:54: Python script executed successfully for photo: /Users/bornman/projects/FilmCrop/SetCrops.lrplugin/temp_export/CBR00101-5.jpg
2024-02-10 16:41:54: Deleted crop data file: /Users/bornman/projects/FilmCrop/SetCrops.lrplugin/temp_export/CBR00067-5.txt
2024-02-10 16:41:54: Applied crop to photo: CBR00101-5.ARW
2024-02-10 16:41:55: Deleted crop data file: /Users/bornman/projects/FilmCrop/SetCrops.lrplugin/temp_export/CBR00101-5.txt
2024-02-10 16:42:04: Python script executed successfully for photo: /Users/bornman/projects/FilmCrop/SetCrops.lrplugin/temp_export/CBR00051-5.jpg
2024-02-10 16:42:04: Applied crop to photo: CBR00051-5.ARW
2024-02-10 16:42:05: Python script executed successfully for photo: /Users/bornman/projects/FilmCrop/SetCrops.lrplugin/temp_export/CBR00138-3.jpg
2024-02-10 16:42:05: Deleted crop data file: /Users/bornman/projects/FilmCrop/SetCrops.lrplugin/temp_export/CBR00051-5.txt
2024-02-10 16:42:06: Applied crop to photo: CBR00138-3.ARW
2024-02-10 16:42:06: Deleted crop data file: /Users/bornman/projects/FilmCrop/SetCrops.lrplugin/temp_export/CBR00138-3.txt
2024-02-10 16:42:17: Python script executed successfully for photo: /Users/bornman/projects/FilmCrop/SetCrops.lrplugin/temp_export/CBR00087-5.jpg
2024-02-10 16:42:18: Applied crop to photo: CBR00087-5.ARW
2024-02-10 16:42:18: Python script executed successfully for photo: /Users/bornman/projects/FilmCrop/SetCrops.lrplugin/temp_export/CBR00124-3.jpg
2024-02-10 16:42:18: Deleted crop data file: /Users/bornman/projects/FilmCrop/SetCrops.lrplugin/temp_export/CBR00087-5.txt
2024-02-10 16:42:18: Applied crop to photo: CBR00124-3.ARW
2024-02-10 16:42:18: Deleted crop data file: /Users/bornman/projects/FilmCrop/SetCrops.lrplugin/temp_export/CBR00124-3.txt
2024-02-10 16:42:24: Python script executed successfully for photo: /Users/bornman/projects/FilmCrop/SetCrops.lrplugin/temp_export/CBR00064-5.jpg
2024-02-10 16:42:25: Applied crop to photo: CBR00064-5.ARW
2024-02-10 16:42:25: Deleted crop data file: /Users/bornman/projects/FilmCrop/SetCrops.lrplugin/temp_export/CBR00064-5.txt
2024-02-10 16:48:13: Script started. Output directory: /Users/bornman/projects/FilmCrop/SetCrops.lrplugin/temp_export
2024-02-10 16:48:13: Script execution finished.
2024-02-10 16:48:37: Script started. Output directory: /Users/bornman/projects/FilmCrop/SetCrops.lrplugin/temp_export
2024-02-10 16:48:37: Script execution finished.
2024-02-10 16:50:39: Script started. Output directory: /Users/bornman/projects/FilmCrop/SetCrops.lrplugin/temp_export
2024-02-10 16:50:39: Script execution finished.
2024-02-10 16:52:19: Script started. Output directory: /Users/bornman/projects/FilmCrop/SetCrops.lrplugin/temp_export
2024-02-10 16:52:19: Script execution finished.
2024-02-10 16:53:35: Script started. Output directory: /Users/bornman/projects/FilmCrop/SetCrops.lrplugin/temp_export
2024-02-10 16:53:35: Script execution finished.
2024-02-10 16:53:41: Python script executed successfully for photo: /Users/bornman/projects/FilmCrop/SetCrops.lrplugin/temp_export/CBR00073-5.jpg
2024-02-10 16:53:41: Applied crop to photo: CBR00073-5.ARW
2024-02-10 16:53:43: Deleted crop data file: /Users/bornman/projects/FilmCrop/SetCrops.lrplugin/temp_export/CBR00073-5.txt
2024-02-10 16:53:43: Python script executed successfully for photo: /Users/bornman/projects/FilmCrop/SetCrops.lrplugin/temp_export/CBR00037-5.jpg
2024-02-10 16:53:43: Python script executed successfully for photo: /Users/bornman/projects/FilmCrop/SetCrops.lrplugin/temp_export/CBR00100-5.jpg
2024-02-10 16:53:43: Applied crop to photo: CBR00037-5.ARW
2024-02-10 16:53:44: Deleted crop data file: /Users/bornman/projects/FilmCrop/SetCrops.lrplugin/temp_export/CBR00037-5.txt
2024-02-10 16:53:44: Applied crop to photo: CBR00100-5.ARW
2024-02-10 16:53:44: Deleted crop data file: /Users/bornman/projects/FilmCrop/SetCrops.lrplugin/temp_export/CBR00100-5.txt
2024-02-10 16:55:46: Script started. Output directory: /Users/bornman/projects/FilmCrop/SetCrops.lrplugin/temp_export
2024-02-10 16:55:46: Script execution finished.
2024-02-10 16:55:53: Python script executed successfully for photo: /Users/bornman/projects/FilmCrop/SetCrops.lrplugin/temp_export/CBR00037-5.jpg
2024-02-10 16:55:53: Python script executed successfully for photo: /Users/bornman/projects/FilmCrop/SetCrops.lrplugin/temp_export/CBR00111-4.jpg
2024-02-10 16:55:54: Applied crop to photo: CBR00111-4.ARW
2024-02-10 16:55:56: Deleted crop data file: /Users/bornman/projects/FilmCrop/SetCrops.lrplugin/temp_export/CBR00111-4.txt
2024-02-10 16:55:57: Applied crop to photo: CBR00037-5.ARW
2024-02-10 16:55:57: Deleted crop data file: /Users/bornman/projects/FilmCrop/SetCrops.lrplugin/temp_export/CBR00037-5.txt
2024-02-10 16:55:58: Python script executed successfully for photo: /Users/bornman/projects/FilmCrop/SetCrops.lrplugin/temp_export/CBR00073-5.jpg
2024-02-10 16:55:58: Python script executed successfully for photo: /Users/bornman/projects/FilmCrop/SetCrops.lrplugin/temp_export/CBR00100-5.jpg
2024-02-10 16:55:59: Applied crop to photo: CBR00073-5.ARW
2024-02-10 16:56:00: Deleted crop data file: /Users/bornman/projects/FilmCrop/SetCrops.lrplugin/temp_export/CBR00073-5.txt
2024-02-10 16:56:00: Applied crop to photo: CBR00100-5.ARW
2024-02-10 16:56:01: Deleted crop data file: /Users/bornman/projects/FilmCrop/SetCrops.lrplugin/temp_export/CBR00100-5.txt
2024-02-10 16:56:09: Python script executed successfully for photo: /Users/bornman/projects/FilmCrop/SetCrops.lrplugin/temp_export/CBR00186.jpg
2024-02-10 16:56:09: Applied crop to photo: CBR00186.ARW
2024-02-10 16:56:10: Deleted crop data file: /Users/bornman/projects/FilmCrop/SetCrops.lrplugin/temp_export/CBR00186.txt
2024-02-10 16:56:11: Python script executed successfully for photo: /Users/bornman/projects/FilmCrop/SetCrops.lrplugin/temp_export/CBR00051-5.jpg
2024-02-10 16:56:12: Applied crop to photo: CBR00051-5.ARW
2024-02-10 16:56:12: Deleted crop data file: /Users/bornman/projects/FilmCrop/SetCrops.lrplugin/temp_export/CBR00051-5.txt
2024-02-10 16:56:20: Python script executed successfully for photo: /Users/bornman/projects/FilmCrop/SetCrops.lrplugin/temp_export/CBR00067-5.jpg
2024-02-10 16:56:20: Applied crop to photo: CBR00067-5.ARW
2024-02-10 16:56:21: Deleted crop data file: /Users/bornman/projects/FilmCrop/SetCrops.lrplugin/temp_export/CBR00067-5.txt
2024-02-10 16:56:23: Python script executed successfully for photo: /Users/bornman/projects/FilmCrop/SetCrops.lrplugin/temp_export/CBR00087-5.jpg
2024-02-10 16:56:23: Applied crop to photo: CBR00087-5.ARW
2024-02-10 16:56:23: Deleted crop data file: /Users/bornman/projects/FilmCrop/SetCrops.lrplugin/temp_export/CBR00087-5.txt
2024-02-10 16:56:33: Python script executed successfully for photo: /Users/bornman/projects/FilmCrop/SetCrops.lrplugin/temp_export/CBR00063-5.jpg
2024-02-10 16:56:33: Python script executed successfully for photo: /Users/bornman/projects/FilmCrop/SetCrops.lrplugin/temp_export/CBR00138-3.jpg
2024-02-10 16:56:33: Applied crop to photo: CBR00063-5.ARW
2024-02-10 16:56:34: Deleted crop data file: /Users/bornman/projects/FilmCrop/SetCrops.lrplugin/temp_export/CBR00063-5.txt
2024-02-10 16:56:34: Applied crop to photo: CBR00138-3.ARW
2024-02-10 16:56:34: Deleted crop data file: /Users/bornman/projects/FilmCrop/SetCrops.lrplugin/temp_export/CBR00138-3.txt
2024-02-10 16:56:43: Python script executed successfully for photo: /Users/bornman/projects/FilmCrop/SetCrops.lrplugin/temp_export/CBR00101-5.jpg
2024-02-10 16:56:43: Python script executed successfully for photo: /Users/bornman/projects/FilmCrop/SetCrops.lrplugin/temp_export/CBR00064-5.jpg
2024-02-10 16:56:43: Applied crop to photo: CBR00101-5.ARW
2024-02-10 16:56:44: Deleted crop data file: /Users/bornman/projects/FilmCrop/SetCrops.lrplugin/temp_export/CBR00101-5.txt
2024-02-10 16:56:44: Applied crop to photo: CBR00064-5.ARW
2024-02-10 16:56:45: Deleted crop data file: /Users/bornman/projects/FilmCrop/SetCrops.lrplugin/temp_export/CBR00064-5.txt
2024-02-10 16:56:47: Python script executed successfully for photo: /Users/bornman/projects/FilmCrop/SetCrops.lrplugin/temp_export/CBR00124-3.jpg
2024-02-10 16:56:47: Applied crop to photo: CBR00124-3.ARW
2024-02-10 16:56:47: Deleted crop data file: /Users/bornman/projects/FilmCrop/SetCrops.lrplugin/temp_export/CBR00124-3.txt
2024-02-10 16:57:30: Script started. Output directory: /Users/bornman/projects/FilmCrop/SetCrops.lrplugin/temp_export
2024-02-10 16:57:30: Script execution finished.
2024-02-10 16:57:37: Python script executed successfully for photo: /Users/bornman/projects/FilmCrop/SetCrops.lrplugin/temp_export/CBR00073-5.jpg
2024-02-10 16:57:37: Applied crop to photo: CBR00073-5.ARW
2024-02-10 16:57:37: Python script executed successfully for photo: /Users/bornman/projects/FilmCrop/SetCrops.lrplugin/temp_export/CBR00037-5.jpg
2024-02-10 16:57:38: Deleted crop data file: /Users/bornman/projects/FilmCrop/SetCrops.lrplugin/temp_export/CBR00073-5.txt
2024-02-10 16:57:39: Applied crop to photo: CBR00037-5.ARW
2024-02-10 16:57:40: Deleted crop data file: /Users/bornman/projects/FilmCrop/SetCrops.lrplugin/temp_export/CBR00037-5.txt
2024-02-10 16:57:42: Python script executed successfully for photo: /Users/bornman/projects/FilmCrop/SetCrops.lrplugin/temp_export/CBR00100-5.jpg
2024-02-10 16:57:42: Applied crop to photo: CBR00100-5.ARW
2024-02-10 16:57:42: Python script executed successfully for photo: /Users/bornman/projects/FilmCrop/SetCrops.lrplugin/temp_export/CBR00111-4.jpg
2024-02-10 16:57:43: Deleted crop data file: /Users/bornman/projects/FilmCrop/SetCrops.lrplugin/temp_export/CBR00100-5.txt
2024-02-10 16:57:43: Applied crop to photo: CBR00111-4.ARW
2024-02-10 16:57:45: Deleted crop data file: /Users/bornman/projects/FilmCrop/SetCrops.lrplugin/temp_export/CBR00111-4.txt
2024-02-10 16:57:51: Python script executed successfully for photo: /Users/bornman/projects/FilmCrop/SetCrops.lrplugin/temp_export/CBR00186.jpg
2024-02-10 16:57:51: Python script executed successfully for photo: /Users/bornman/projects/FilmCrop/SetCrops.lrplugin/temp_export/CBR00063-5.jpg
2024-02-10 16:57:52: Applied crop to photo: CBR00186.ARW
2024-02-10 16:57:52: Deleted crop data file: /Users/bornman/projects/FilmCrop/SetCrops.lrplugin/temp_export/CBR00186.txt
2024-02-10 16:57:52: Applied crop to photo: CBR00063-5.ARW
2024-02-10 16:57:52: Deleted crop data file: /Users/bornman/projects/FilmCrop/SetCrops.lrplugin/temp_export/CBR00063-5.txt
2024-02-10 16:58:00: Python script executed successfully for photo: /Users/bornman/projects/FilmCrop/SetCrops.lrplugin/temp_export/CBR00067-5.jpg
2024-02-10 16:58:01: Applied crop to photo: CBR00067-5.ARW
2024-02-10 16:58:01: Python script executed successfully for photo: /Users/bornman/projects/FilmCrop/SetCrops.lrplugin/temp_export/CBR00087-5.jpg
2024-02-10 16:58:01: Deleted crop data file: /Users/bornman/projects/FilmCrop/SetCrops.lrplugin/temp_export/CBR00067-5.txt
2024-02-10 16:58:01: Applied crop to photo: CBR00087-5.ARW
2024-02-10 16:58:01: Deleted crop data file: /Users/bornman/projects/FilmCrop/SetCrops.lrplugin/temp_export/CBR00087-5.txt
2024-02-10 16:58:12: Python script executed successfully for photo: /Users/bornman/projects/FilmCrop/SetCrops.lrplugin/temp_export/CBR00051-5.jpg
2024-02-10 16:58:12: Applied crop to photo: CBR00051-5.ARW
2024-02-10 16:58:13: Deleted crop data file: /Users/bornman/projects/FilmCrop/SetCrops.lrplugin/temp_export/CBR00051-5.txt
2024-02-10 16:58:13: Python script executed successfully for photo: /Users/bornman/projects/FilmCrop/SetCrops.lrplugin/temp_export/CBR00138-3.jpg
2024-02-10 16:58:16: Applied crop to photo: CBR00138-3.ARW
2024-02-10 16:58:16: Deleted crop data file: /Users/bornman/projects/FilmCrop/SetCrops.lrplugin/temp_export/CBR00138-3.txt
2024-02-10 16:58:27: Python script executed successfully for photo: /Users/bornman/projects/FilmCrop/SetCrops.lrplugin/temp_export/CBR00124-3.jpg
2024-02-10 16:58:28: Applied crop to photo: CBR00124-3.ARW
2024-02-10 16:58:28: Deleted crop data file: /Users/bornman/projects/FilmCrop/SetCrops.lrplugin/temp_export/CBR00124-3.txt
2024-02-10 16:58:30: Python script executed successfully for photo: /Users/bornman/projects/FilmCrop/SetCrops.lrplugin/temp_export/CBR00101-5.jpg
2024-02-10 16:58:32: Applied crop to photo: CBR00101-5.ARW
2024-02-10 16:58:32: Deleted crop data file: /Users/bornman/projects/FilmCrop/SetCrops.lrplugin/temp_export/CBR00101-5.txt
2024-02-10 16:58:41: Python script executed successfully for photo: /Users/bornman/projects/FilmCrop/SetCrops.lrplugin/temp_export/CBR00064-5.jpg
2024-02-10 16:58:41: Applied crop to photo: CBR00064-5.ARW
2024-02-10 16:58:41: Deleted crop data file: /Users/bornman/projects/FilmCrop/SetCrops.lrplugin/temp_export/CBR00064-5.txt
2024-02-10 17:00:28: Script started. Output directory: /Users/bornman/projects/FilmCrop/SetCrops.lrplugin/temp_export
2024-02-10 17:00:28: Script execution finished.
2024-02-10 17:00:35: Python script executed successfully for photo: /Users/bornman/projects/FilmCrop/SetCrops.lrplugin/temp_export/CBR00073-5.jpg
2024-02-10 17:00:35: Applied crop to photo: CBR00073-5.ARW
2024-02-10 17:00:37: Deleted crop data file: /Users/bornman/projects/FilmCrop/SetCrops.lrplugin/temp_export/CBR00073-5.txt
2024-02-10 17:00:39: Python script executed successfully for photo: /Users/bornman/projects/FilmCrop/SetCrops.lrplugin/temp_export/CBR00111-4.jpg
2024-02-10 17:00:40: Applied crop to photo: CBR00111-4.ARW
2024-02-10 17:00:40: Deleted crop data file: /Users/bornman/projects/FilmCrop/SetCrops.lrplugin/temp_export/CBR00111-4.txt
2024-02-10 17:00:42: Python script executed successfully for photo: /Users/bornman/projects/FilmCrop/SetCrops.lrplugin/temp_export/CBR00100-5.jpg
2024-02-10 17:00:43: Applied crop to photo: CBR00100-5.ARW
2024-02-10 17:00:43: Deleted crop data file: /Users/bornman/projects/FilmCrop/SetCrops.lrplugin/temp_export/CBR00100-5.txt
2024-02-10 17:00:45: Python script executed successfully for photo: /Users/bornman/projects/FilmCrop/SetCrops.lrplugin/temp_export/CBR00037-5.jpg
2024-02-10 17:00:46: Applied crop to photo: CBR00037-5.ARW
2024-02-10 17:00:46: Deleted crop data file: /Users/bornman/projects/FilmCrop/SetCrops.lrplugin/temp_export/CBR00037-5.txt
2024-02-10 17:00:54: Python script executed successfully for photo: /Users/bornman/projects/FilmCrop/SetCrops.lrplugin/temp_export/CBR00186.jpg
2024-02-10 17:00:54: Applied crop to photo: CBR00186.ARW
2024-02-10 17:00:54: Python script executed successfully for photo: /Users/bornman/projects/FilmCrop/SetCrops.lrplugin/temp_export/CBR00063-5.jpg
2024-02-10 17:00:55: Deleted crop data file: /Users/bornman/projects/FilmCrop/SetCrops.lrplugin/temp_export/CBR00186.txt
2024-02-10 17:00:55: Applied crop to photo: CBR00063-5.ARW
2024-02-10 17:00:56: Deleted crop data file: /Users/bornman/projects/FilmCrop/SetCrops.lrplugin/temp_export/CBR00063-5.txt
2024-02-10 17:01:05: Python script executed successfully for photo: /Users/bornman/projects/FilmCrop/SetCrops.lrplugin/temp_export/CBR00101-5.jpg
2024-02-10 17:01:06: Applied crop to photo: CBR00101-5.ARW
2024-02-10 17:01:06: Deleted crop data file: /Users/bornman/projects/FilmCrop/SetCrops.lrplugin/temp_export/CBR00101-5.txt
2024-02-10 17:01:08: Python script executed successfully for photo: /Users/bornman/projects/FilmCrop/SetCrops.lrplugin/temp_export/CBR00067-5.jpg
2024-02-10 17:01:11: Applied crop to photo: CBR00067-5.ARW
2024-02-10 17:01:12: Deleted crop data file: /Users/bornman/projects/FilmCrop/SetCrops.lrplugin/temp_export/CBR00067-5.txt
2024-02-10 17:01:17: Python script executed successfully for photo: /Users/bornman/projects/FilmCrop/SetCrops.lrplugin/temp_export/CBR00138-3.jpg
2024-02-10 17:01:17: Applied crop to photo: CBR00138-3.ARW
2024-02-10 17:01:18: Deleted crop data file: /Users/bornman/projects/FilmCrop/SetCrops.lrplugin/temp_export/CBR00138-3.txt
2024-02-10 17:01:23: Python script executed successfully for photo: /Users/bornman/projects/FilmCrop/SetCrops.lrplugin/temp_export/CBR00051-5.jpg
2024-02-10 17:01:23: Applied crop to photo: CBR00051-5.ARW
2024-02-10 17:01:24: Deleted crop data file: /Users/bornman/projects/FilmCrop/SetCrops.lrplugin/temp_export/CBR00051-5.txt
2024-02-10 17:01:26: Python script executed successfully for photo: /Users/bornman/projects/FilmCrop/SetCrops.lrplugin/temp_export/CBR00087-5.jpg
2024-02-10 17:01:26: Applied crop to photo: CBR00087-5.ARW
2024-02-10 17:01:26: Deleted crop data file: /Users/bornman/projects/FilmCrop/SetCrops.lrplugin/temp_export/CBR00087-5.txt
2024-02-10 17:01:31: Python script executed successfully for photo: /Users/bornman/projects/FilmCrop/SetCrops.lrplugin/temp_export/CBR00124-3.jpg
2024-02-10 17:01:31: Applied crop to photo: CBR00124-3.ARW
2024-02-10 17:01:32: Deleted crop data file: /Users/bornman/projects/FilmCrop/SetCrops.lrplugin/temp_export/CBR00124-3.txt
2024-02-10 17:01:33: Python script executed successfully for photo: /Users/bornman/projects/FilmCrop/SetCrops.lrplugin/temp_export/CBR00064-5.jpg
2024-02-10 17:01:34: Applied crop to photo: CBR00064-5.ARW
2024-02-10 17:01:34: Deleted crop data file: /Users/bornman/projects/FilmCrop/SetCrops.lrplugin/temp_export/CBR00064-5.txt
